<?xml version="1.0" encoding="UTF-8"?>
<!-- Generated by org.testng.reporters.JUnitReportReporter -->
<testsuite hostname="LAPTOP-RHMB7TQA" name="com.demo.simpletest.UnitTestcases" tests="2" failures="0" timestamp="2 Oct 2019 20:39:28 GMT" time="0.065" errors="0">
  <testcase name="sum" time="0.002" classname="com.demo.simpletest.UnitTestcases"/>
  <testcase name="add" time="0.063" classname="com.demo.simpletest.UnitTestcases"/>
</testsuite> <!-- com.demo.simpletest.UnitTestcases -->
